<?xml version="1.0" encoding="UTF-8"?>
<testsuite xmlns:xsi="http://www.w3.org/2001/XMLSchema-instance" xsi:noNamespaceSchemaLocation="https://maven.apache.org/surefire/maven-surefire-plugin/xsd/surefire-test-report-3.0.xsd" version="3.0" name="runner.TestRunner" time="35.278" tests="1" errors="0" skipped="0" failures="0">
  <properties>
[...]
</properties>
  <testcase name="Sign-In and add an existing item to the cart" classname="Add item to cart" time="34.535">
    <system-out><![CDATA[
Scenario: Sign-In and add an existing item to the cart            &amp#27;[90m# src/test/resources/features/addtocart.feature:6&amp#27;[0m
  &amp#27;[32mGiven &amp#27;[0m&amp#27;[32mthe user is on the Takealot home page&amp#27;[0m                     &amp#27;[90m# stepDefinitions.AddToCart.theUserOnHomePage()&amp#27;[0m
  &amp#27;[32mAnd &amp#27;[0m&amp#27;[32mthe user clicks the Login button&amp#27;[0m                            &amp#27;[90m# stepDefinitions.AddToCart.theUserClicksTheLoginButton()&amp#27;[0m
  &amp#27;[32mWhen &amp#27;[0m&amp#27;[32mthe user enters valid login credentials and clicks Sign In&amp#27;[0m &amp#27;[90m# stepDefinitions.AddToCart.theUserClicksSignIn()&amp#27;[0m
  &amp#27;[32mAnd &amp#27;[0m&amp#27;[32mthe user searches for an existing item&amp#27;[0m                      &amp#27;[90m# stepDefinitions.AddToCart.theUserSearchesTheItem()&amp#27;[0m
  &amp#27;[32mAnd &amp#27;[0m&amp#27;[32mthe user adds the item to the cart&amp#27;[0m                          &amp#27;[90m# stepDefinitions.AddToCart.theUserAddsTheItemToCart()&amp#27;[0m
  &amp#27;[32mAnd &amp#27;[0m&amp#27;[32mthe user clicks go to cart&amp#27;[0m                                  &amp#27;[90m# stepDefinitions.AddToCart.theUserGoesToCart()&amp#27;[0m
  &amp#27;[32mThen &amp#27;[0m&amp#27;[32mthe user finds the added item in the cart&amp#27;[0m                  &amp#27;[90m# stepDefinitions.AddToCart.verifyItemInCart()&amp#27;[0m
]]></system-out>
    <system-err><![CDATA[Oct 24, 2025 12:17:48 PM io.cucumber.junit.platform.engine.DiscoverySelectorResolver warnWhenCucumberFeaturesPropertyIsUsed
WARNING: Discovering tests using the cucumber.features property. Other discovery selectors are ignored!
Please request/upvote/sponsor/ect better support for JUnit 5 discovery selectors.
See: https://github.com/cucumber/cucumber-jvm/pull/2498
Oct 24, 2025 12:17:52 PM org.openqa.selenium.devtools.CdpVersionFinder findNearestMatch
WARNING: Unable to find CDP implementation matching 141
Oct 24, 2025 12:17:52 PM org.openqa.selenium.chromium.ChromiumDriver lambda$new$5
WARNING: Unable to find version of CDP to use for 141.0.7390.109. You may need to include a dependency on a specific version of the CDP using something similar to `org.seleniumhq.selenium:selenium-devtools-v86:4.15.0` where the version ("v86") matches the version of the chromium-based browser you're using and the version number of the artifact is the same as Selenium's.
]]></system-err>
  </testcase>
</testsuite>